{"meta": {"format": 3, "version": "7.15.2", "timestamp": "2026-08-02T23:44:57.021558", "branch_coverage": false, "show_contexts": false}, "files": {"src\\bunkr_api\\__init__.py": {"executed_lines": [1, 2, 4, 5], "summary": {"covered_lines": 4, "num_statements": 4, "percent_covered": 100.0, "percent_covered_display": "100", "missing_lines": 0, "excluded_lines": 0, "percent_statements_covered": 100.0, "percent_statements_covered_display": "100"}, "missing_lines": [], "excluded_lines": [], "functions": {"": {"executed_lines": [1, 2, 4, 5], "summary": {"covered_lines": 4, "num_statements": 4, "percent_covered": 100.0, "percent_covered_display": "100", "missing_lines": 0, "excluded_lines": 0, "percent_statements_covered": 100.0, "percent_statements_covered_display": "100"}, "missing_lines": [], "excluded_lines": [], "start_line": 1}}, "classes": {"": {"executed_lines": [1, 2, 4, 5], "summary": {"covered_lines": 4, "num_statements": 4, "percent_covered": 100.0, "percent_covered_display": "100", "missing_lines": 0, "excluded_lines": 0, "percent_statements_covered": 100.0, "percent_statements_covered_display": "100"}, "missing_lines": [], "excluded_lines": [], "start_line": 1}}}, "src\\bunkr_api\\__main__.py": {"executed_lines": [], "summary": {"covered_lines": 0, "num_statements": 3, "percent_covered": 0.0, "percent_covered_display": "0", "missing_lines": 3, "excluded_lines": 0, "percent_statements_covered": 0.0, "percent_statements_covered_display": "0"}, "missing_lines": [1, 3, 4], "excluded_lines": [], "functions": {"": {"executed_lines": [], "summary": {"covered_lines": 0, "num_statements": 3, "percent_covered": 0.0, "percent_covered_display": "0", "missing_lines": 3, "excluded_lines": 0, "percent_statements_covered": 0.0, "percent_statements_covered_display": "0"}, "missing_lines": [1, 3, 4], "excluded_lines": [], "start_line": 1}}, "classes": {"": {"executed_lines": [], "summary": {"covered_lines": 0, "num_statements": 3, "percent_covered": 0.0, "percent_covered_display": "0", "missing_lines": 3, "excluded_lines": 0, "percent_statements_covered": 0.0, "percent_statements_covered_display": "0"}, "missing_lines": [1, 3, 4], "excluded_lines": [], "start_line": 1}}}, "src\\bunkr_api\\api.py": {"executed_lines": [1, 2, 4, 6, 9, 10, 11, 12, 13, 16, 17, 22, 23, 24, 25, 31, 33, 35, 37, 38, 40, 42, 44, 49, 55, 59, 60, 62, 63, 64, 66, 67, 69, 74, 75, 82, 92, 93, 94, 100, 105, 106, 108, 109, 112, 113, 114, 115, 116, 117, 118, 119, 122, 124, 129, 130, 131, 132, 133, 134, 136, 141, 142, 143, 145, 150, 151, 152, 154, 158, 159, 160, 162, 163, 166, 169, 172, 173, 174, 175, 176, 179, 180, 182, 188, 192, 193, 195, 196, 197, 199, 206], "summary": {"covered_lines": 92, "num_statements": 92, "percent_covered": 100.0, "percent_covered_display": "100", "missing_lines": 0, "excluded_lines": 0, "percent_statements_covered": 100.0, "percent_statements_covered_display": "100"}, "missing_lines": [], "excluded_lines": [], "functions": {"BunkrAPI.__init__": {"executed_lines": [22, 23, 24, 25], "summary": {"covered_lines": 4, "num_statements": 4, "percent_covered": 100.0, "percent_covered_display": "100", "missing_lines": 0, "excluded_lines": 0, "percent_statements_covered": 100.0, "percent_statements_covered_display": "100"}, "missing_lines": [], "excluded_lines": [], "start_line": 17}, "BunkrAPI.get_albums": {"executed_lines": [33], "summary": {"covered_lines": 1, "num_statements": 1, "percent_covered": 100.0, "percent_covered_display": "100", "missing_lines": 0, "excluded_lines": 0, "percent_statements_covered": 100.0, "percent_statements_covered_display": "100"}, "missing_lines": [], "excluded_lines": [], "start_line": 31}, "BunkrAPI.get_album": {"executed_lines": [37, 38], "summary": {"covered_lines": 2, "num_statements": 2, "percent_covered": 100.0, "percent_covered_display": "100", "missing_lines": 0, "excluded_lines": 0, "percent_statements_covered": 100.0, "percent_statements_covered_display": "100"}, "missing_lines": [], "excluded_lines": [], "start_line": 35}, "BunkrAPI.get_assets": {"executed_lines": [42], "summary": {"covered_lines": 1, "num_statements": 1, "percent_covered": 100.0, "percent_covered_display": "100", "missing_lines": 0, "excluded_lines": 0, "percent_statements_covered": 100.0, "percent_statements_covered_display": "100"}, "missing_lines": [], "excluded_lines": [], "start_line": 40}, "BunkrAPI.get_valid_url": {"executed_lines": [49], "summary": {"covered_lines": 1, "num_statements": 1, "percent_covered": 100.0, "percent_covered_display": "100", "missing_lines": 0, "excluded_lines": 0, "percent_statements_covered": 100.0, "percent_statements_covered_display": "100"}, "missing_lines": [], "excluded_lines": [], "start_line": 44}, "BunkrAPI.search": {"executed_lines": [59, 60, 62, 63, 64, 66, 67], "summary": {"covered_lines": 7, "num_statements": 7, "percent_covered": 100.0, "percent_covered_display": "100", "missing_lines": 0, "excluded_lines": 0, "percent_statements_covered": 100.0, "percent_statements_covered_display": "100"}, "missing_lines": [], "excluded_lines": [], "start_line": 55}, "BunkrAPI.resolve_album": {"executed_lines": [74, 75], "summary": {"covered_lines": 2, "num_statements": 2, "percent_covered": 100.0, "percent_covered_display": "100", "missing_lines": 0, "excluded_lines": 0, "percent_statements_covered": 100.0, "percent_statements_covered_display": "100"}, "missing_lines": [], "excluded_lines": [], "start_line": 69}, "BunkrAPI.resolve_and_download": {"executed_lines": [92, 93, 94], "summary": {"covered_lines": 3, "num_statements": 3, "percent_covered": 100.0, "percent_covered_display": "100", "missing_lines": 0, "excluded_lines": 0, "percent_statements_covered": 100.0, "percent_statements_covered_display": "100"}, "missing_lines": [], "excluded_lines": [], "start_line": 82}, "BunkrAPI.download_album": {"executed_lines": [105, 106, 108, 109, 112, 113, 114, 115, 116, 117, 118, 119, 122], "summary": {"covered_lines": 13, "num_statements": 13, "percent_covered": 100.0, "percent_covered_display": "100", "missing_lines": 0, "excluded_lines": 0, "percent_statements_covered": 100.0, "percent_statements_covered_display": "100"}, "missing_lines": [], "excluded_lines": [], "start_line": 100}, "BunkrAPI._prepare_dl_list": {"executed_lines": [129, 130, 131, 132, 133, 134], "summary": {"covered_lines": 6, "num_statements": 6, "percent_covered": 100.0, "percent_covered_display": "100", "missing_lines": 0, "excluded_lines": 0, "percent_statements_covered": 100.0, "percent_statements_covered_display": "100"}, "missing_lines": [], "excluded_lines": [], "start_line": 124}, "BunkrAPI.download_staged": {"executed_lines": [141, 142, 143], "summary": {"covered_lines": 3, "num_statements": 3, "percent_covered": 100.0, "percent_covered_display": "100", "missing_lines": 0, "excluded_lines": 0, "percent_statements_covered": 100.0, "percent_statements_covered_display": "100"}, "missing_lines": [], "excluded_lines": [], "start_line": 136}, "BunkrAPI.retry_failed": {"executed_lines": [150, 151, 152], "summary": {"covered_lines": 3, "num_statements": 3, "percent_covered": 100.0, "percent_covered_display": "100", "missing_lines": 0, "excluded_lines": 0, "percent_statements_covered": 100.0, "percent_statements_covered_display": "100"}, "missing_lines": [], "excluded_lines": [], "start_line": 145}, "BunkrAPI.stream_album": {"executed_lines": [158, 159, 160, 162, 163, 166, 169, 172, 173, 174, 175, 176, 179, 180, 182], "summary": {"covered_lines": 15, "num_statements": 15, "percent_covered": 100.0, "percent_covered_display": "100", "missing_lines": 0, "excluded_lines": 0, "percent_statements_covered": 100.0, "percent_statements_covered_display": "100"}, "missing_lines": [], "excluded_lines": [], "start_line": 154}, "BunkrAPI.refresh_tokens": {"executed_lines": [192, 193, 195, 196, 197], "summary": {"covered_lines": 5, "num_statements": 5, "percent_covered": 100.0, "percent_covered_display": "100", "missing_lines": 0, "excluded_lines": 0, "percent_statements_covered": 100.0, "percent_statements_covered_display": "100"}, "missing_lines": [], "excluded_lines": [], "start_line": 188}, "BunkrAPI.delete_album": {"executed_lines": [206], "summary": {"covered_lines": 1, "num_statements": 1, "percent_covered": 100.0, "percent_covered_display": "100", "missing_lines": 0, "excluded_lines": 0, "percent_statements_covered": 100.0, "percent_statements_covered_display": "100"}, "missing_lines": [], "excluded_lines": [], "start_line": 199}, "": {"executed_lines": [1, 2, 4, 6, 9, 10, 11, 12, 13, 16, 17, 31, 35, 40, 44, 55, 69, 82, 100, 124, 136, 145, 154, 188, 199], "summary": {"covered_lines": 25, "num_statements": 25, "percent_covered": 100.0, "percent_covered_display": "100", "missing_lines": 0, "excluded_lines": 0, "percent_statements_covered": 100.0, "percent_statements_covered_display": "100"}, "missing_lines": [], "excluded_lines": [], "start_line": 1}}, "classes": {"BunkrAPI": {"executed_lines": [22, 23, 24, 25, 33, 37, 38, 42, 49, 59, 60, 62, 63, 64, 66, 67, 74, 75, 92, 93, 94, 105, 106, 108, 109, 112, 113, 114, 115, 116, 117, 118, 119, 122, 129, 130, 131, 132, 133, 134, 141, 142, 143, 150, 151, 152, 158, 159, 160, 162, 163, 166, 169, 172, 173, 174, 175, 176, 179, 180, 182, 192, 193, 195, 196, 197, 206], "summary": {"covered_lines": 67, "num_statements": 67, "percent_covered": 100.0, "percent_covered_display": "100", "missing_lines": 0, "excluded_lines": 0, "percent_statements_covered": 100.0, "percent_statements_covered_display": "100"}, "missing_lines": [], "excluded_lines": [], "start_line": 16}, "": {"executed_lines": [1, 2, 4, 6, 9, 10, 11, 12, 13, 16, 17, 31, 35, 40, 44, 55, 69, 82, 100, 124, 136, 145, 154, 188, 199], "summary": {"covered_lines": 25, "num_statements": 25, "percent_covered": 100.0, "percent_covered_display": "100", "missing_lines": 0, "excluded_lines": 0, "percent_statements_covered": 100.0, "percent_statements_covered_display": "100"}, "missing_lines": [], "excluded_lines": [], "start_line": 1}}}, "src\\bunkr_api\\cli.py": {"executed_lines": [1, 2, 3, 4, 5, 6, 7, 8, 10, 11, 12, 13, 14, 15, 17, 27, 28, 29, 30, 31, 32, 39, 40, 42, 44, 45, 46, 47, 48, 49, 51, 53, 54, 55, 56, 57, 58, 59, 60, 61, 63, 65, 70, 71, 72, 73, 75, 77, 78, 79, 80, 81, 82, 83, 84, 85, 88, 89, 90, 95, 100, 103, 104, 106, 107, 108, 109, 110, 111, 113, 114, 115, 116, 117, 120, 127, 130, 139, 140, 141, 143, 144, 145, 146, 148, 150, 152, 153, 154, 155, 156, 158, 159, 161, 163, 164, 165, 166, 167, 168, 169, 170, 171, 172, 174, 176, 177, 178, 179, 180, 181, 182, 184, 186, 187, 188, 189, 190, 191, 192, 193, 194, 196, 197, 198, 199, 200, 201, 202, 204, 205, 207, 208, 209, 210, 211, 212, 213, 216, 217, 218, 219, 220, 221, 222, 223, 225, 227, 228, 229, 233, 234, 238, 240, 241, 242, 243, 244, 245, 246, 248, 249, 250, 251, 252, 254, 255, 256, 257, 259, 260, 262, 263, 264, 265, 266, 267, 268, 270, 271, 272, 274, 279, 281, 282, 283, 285, 286, 287, 288, 301, 303, 304, 305, 306, 308, 309, 310, 311, 312, 314, 315, 316, 317, 318, 320, 321, 322, 323, 324, 325, 326, 328, 333, 335, 336, 337, 339, 340, 341, 342, 355, 357, 358, 359, 360, 361, 363, 364, 365, 366, 367, 368, 369, 371, 372, 373, 374, 375, 376, 378, 379, 381, 382, 393, 394, 395, 396, 397, 398, 399, 404, 405, 406, 407, 408, 409, 410, 411, 413, 414, 415, 416, 417, 418, 419, 420, 423, 425, 426, 427, 428, 429, 430, 432, 437, 452, 455, 456, 457, 458, 459, 460, 461, 464, 465, 474, 477, 478, 479, 480, 481, 482, 483, 484, 485, 486, 487, 488, 489, 492, 493, 494, 495, 498, 499, 500, 501, 507, 515, 516, 517, 520, 521, 522, 523, 524, 526, 534, 535, 536, 540], "summary": {"covered_lines": 322, "num_statements": 351, "percent_covered": 91.73789173789174, "percent_covered_display": "92", "missing_lines": 29, "excluded_lines": 0, "percent_statements_covered": 91.73789173789174, "percent_statements_covered_display": "92"}, "missing_lines": [118, 214, 215, 231, 232, 236, 237, 297, 298, 299, 351, 352, 353, 383, 384, 385, 386, 387, 388, 389, 390, 391, 400, 401, 402, 421, 422, 538, 541], "excluded_lines": [], "functions": {"show_interactive_options": {"executed_lines": [44, 45, 46, 47, 48, 49, 51, 53, 54, 55, 56, 57, 58, 59, 60, 61, 63], "summary": {"covered_lines": 17, "num_statements": 17, "percent_covered": 100.0, "percent_covered_display": "100", "missing_lines": 0, "excluded_lines": 0, "percent_statements_covered": 100.0, "percent_statements_covered_display": "100"}, "missing_lines": [], "excluded_lines": [], "start_line": 42}, "show_album_details": {"executed_lines": [70, 71, 72, 73, 75, 77, 78, 79, 80, 81, 82, 83, 84, 85, 88, 89, 90, 95, 100, 103, 104, 106, 107, 108, 109, 110, 111, 113, 114, 115, 116, 117, 120, 127, 130, 139, 140, 141, 143, 144, 145, 146, 148, 150, 152, 153, 154, 155, 156, 158, 159, 161, 163, 164, 165, 166, 167, 168, 169, 170, 171, 172, 174, 176, 177, 178, 179, 180, 181, 182, 184, 186, 187, 188, 189, 190, 191, 192, 193, 194, 196, 197, 198, 199, 200, 201, 202, 204, 205, 207, 208, 209, 210, 211, 212, 213, 216, 217, 218, 219, 220, 221, 222, 223], "summary": {"covered_lines": 104, "num_statements": 107, "percent_covered": 97.19626168224299, "percent_covered_display": "97", "missing_lines": 3, "excluded_lines": 0, "percent_statements_covered": 97.19626168224299, "percent_statements_covered_display": "97"}, "missing_lines": [118, 214, 215], "excluded_lines": [], "start_line": 65}, "run_scrape_interactive": {"executed_lines": [227, 228, 229, 233, 234, 238, 240, 241, 242, 243, 244, 245, 246, 248, 249, 250, 251, 252, 254, 255, 256, 257, 259, 260, 262, 263, 264, 265, 266, 267, 268, 270, 271, 272, 274, 279, 281, 282, 283, 285, 286, 287, 288], "summary": {"covered_lines": 43, "num_statements": 50, "percent_covered": 86.0, "percent_covered_display": "86", "missing_lines": 7, "excluded_lines": 0, "percent_statements_covered": 86.0, "percent_statements_covered_display": "86"}, "missing_lines": [231, 232, 236, 237, 297, 298, 299], "excluded_lines": [], "start_line": 225}, "run_top_engine_interactive": {"executed_lines": [303, 304, 305, 306, 308, 309, 310, 311, 312, 314, 315, 316, 317, 318, 320, 321, 322, 323, 324, 325, 326, 328, 333, 335, 336, 337, 339, 340, 341, 342], "summary": {"covered_lines": 30, "num_statements": 33, "percent_covered": 90.9090909090909, "percent_covered_display": "91", "missing_lines": 3, "excluded_lines": 0, "percent_statements_covered": 90.9090909090909, "percent_statements_covered_display": "91"}, "missing_lines": [351, 352, 353], "excluded_lines": [], "start_line": 301}, "main_loop": {"executed_lines": [357, 358, 359, 360, 361, 363, 364, 365, 366, 367, 368, 369, 371, 372, 373, 374, 375, 376, 378, 379, 381, 382, 393, 394, 395, 396, 397, 398, 399, 404, 405, 406, 407, 408, 409, 410, 411, 413, 414, 415, 416, 417, 418, 419, 420, 423, 425, 426, 427, 428, 429, 430], "summary": {"covered_lines": 52, "num_statements": 66, "percent_covered": 78.78787878787878, "percent_covered_display": "79", "missing_lines": 14, "excluded_lines": 0, "percent_statements_covered": 78.78787878787878, "percent_statements_covered_display": "79"}, "missing_lines": [383, 384, 385, 386, 387, 388, 389, 390, 391, 400, 401, 402, 421, 422], "excluded_lines": [], "start_line": 355}, "_run": {"executed_lines": [437, 452, 455, 456, 457, 458, 459, 460, 461, 464, 465, 474, 477, 478, 479, 480, 481, 482, 483, 484, 485, 486, 487, 488, 489, 492, 493, 494, 495, 498, 499, 500, 501, 507, 515, 516, 517, 520, 521, 522, 523, 524], "summary": {"covered_lines": 42, "num_statements": 42, "percent_covered": 100.0, "percent_covered_display": "100", "missing_lines": 0, "excluded_lines": 0, "percent_statements_covered": 100.0, "percent_statements_covered_display": "100"}, "missing_lines": [], "excluded_lines": [], "start_line": 432}, "main": {"executed_lines": [534, 535, 536], "summary": {"covered_lines": 3, "num_statements": 4, "percent_covered": 75.0, "percent_covered_display": "75", "missing_lines": 1, "excluded_lines": 0, "percent_statements_covered": 75.0, "percent_statements_covered_display": "75"}, "missing_lines": [538], "excluded_lines": [], "start_line": 526}, "": {"executed_lines": [1, 2, 3, 4, 5, 6, 7, 8, 10, 11, 12, 13, 14, 15, 17, 27, 28, 29, 30, 31, 32, 39, 40, 42, 65, 225, 301, 355, 432, 526, 540], "summary": {"covered_lines": 31, "num_statements": 32, "percent_covered": 96.875, "percent_covered_display": "97", "missing_lines": 1, "excluded_lines": 0, "percent_statements_covered": 96.875, "percent_statements_covered_display": "97"}, "missing_lines": [541], "excluded_lines": [], "start_line": 1}}, "classes": {"": {"executed_lines": [1, 2, 3, 4, 5, 6, 7, 8, 10, 11, 12, 13, 14, 15, 17, 27, 28, 29, 30, 31, 32, 39, 40, 42, 44, 45, 46, 47, 48, 49, 51, 53, 54, 55, 56, 57, 58, 59, 60, 61, 63, 65, 70, 71, 72, 73, 75, 77, 78, 79, 80, 81, 82, 83, 84, 85, 88, 89, 90, 95, 100, 103, 104, 106, 107, 108, 109, 110, 111, 113, 114, 115, 116, 117, 120, 127, 130, 139, 140, 141, 143, 144, 145, 146, 148, 150, 152, 153, 154, 155, 156, 158, 159, 161, 163, 164, 165, 166, 167, 168, 169, 170, 171, 172, 174, 176, 177, 178, 179, 180, 181, 182, 184, 186, 187, 188, 189, 190, 191, 192, 193, 194, 196, 197, 198, 199, 200, 201, 202, 204, 205, 207, 208, 209, 210, 211, 212, 213, 216, 217, 218, 219, 220, 221, 222, 223, 225, 227, 228, 229, 233, 234, 238, 240, 241, 242, 243, 244, 245, 246, 248, 249, 250, 251, 252, 254, 255, 256, 257, 259, 260, 262, 263, 264, 265, 266, 267, 268, 270, 271, 272, 274, 279, 281, 282, 283, 285, 286, 287, 288, 301, 303, 304, 305, 306, 308, 309, 310, 311, 312, 314, 315, 316, 317, 318, 320, 321, 322, 323, 324, 325, 326, 328, 333, 335, 336, 337, 339, 340, 341, 342, 355, 357, 358, 359, 360, 361, 363, 364, 365, 366, 367, 368, 369, 371, 372, 373, 374, 375, 376, 378, 379, 381, 382, 393, 394, 395, 396, 397, 398, 399, 404, 405, 406, 407, 408, 409, 410, 411, 413, 414, 415, 416, 417, 418, 419, 420, 423, 425, 426, 427, 428, 429, 430, 432, 437, 452, 455, 456, 457, 458, 459, 460, 461, 464, 465, 474, 477, 478, 479, 480, 481, 482, 483, 484, 485, 486, 487, 488, 489, 492, 493, 494, 495, 498, 499, 500, 501, 507, 515, 516, 517, 520, 521, 522, 523, 524, 526, 534, 535, 536, 540], "summary": {"covered_lines": 322, "num_statements": 351, "percent_covered": 91.73789173789174, "percent_covered_display": "92", "missing_lines": 29, "excluded_lines": 0, "percent_statements_covered": 91.73789173789174, "percent_statements_covered_display": "92"}, "missing_lines": [118, 214, 215, 231, 232, 236, 237, 297, 298, 299, 351, 352, 353, 383, 384, 385, 386, 387, 388, 389, 390, 391, 400, 401, 402, 421, 422, 538, 541], "excluded_lines": [], "start_line": 1}}}, "src\\bunkr_api\\config.py": {"executed_lines": [1, 3, 5, 6, 8, 10, 11, 13, 14, 16, 22, 23, 24, 25], "summary": {"covered_lines": 14, "num_statements": 14, "percent_covered": 100.0, "percent_covered_display": "100", "missing_lines": 0, "excluded_lines": 0, "percent_statements_covered": 100.0, "percent_statements_covered_display": "100"}, "missing_lines": [], "excluded_lines": [], "functions": {"": {"executed_lines": [1, 3, 5, 6, 8, 10, 11, 13, 14, 16, 22, 23, 24, 25], "summary": {"covered_lines": 14, "num_statements": 14, "percent_covered": 100.0, "percent_covered_display": "100", "missing_lines": 0, "excluded_lines": 0, "percent_statements_covered": 100.0, "percent_statements_covered_display": "100"}, "missing_lines": [], "excluded_lines": [], "start_line": 1}}, "classes": {"": {"executed_lines": [1, 3, 5, 6, 8, 10, 11, 13, 14, 16, 22, 23, 24, 25], "summary": {"covered_lines": 14, "num_statements": 14, "percent_covered": 100.0, "percent_covered_display": "100", "missing_lines": 0, "excluded_lines": 0, "percent_statements_covered": 100.0, "percent_statements_covered_display": "100"}, "missing_lines": [], "excluded_lines": [], "start_line": 1}}}, "src\\bunkr_api\\core\\__init__.py": {"executed_lines": [], "summary": {"covered_lines": 0, "num_statements": 0, "percent_covered": 100.0, "percent_covered_display": "100", "missing_lines": 0, "excluded_lines": 0, "percent_statements_covered": 100.0, "percent_statements_covered_display": "100"}, "missing_lines": [], "excluded_lines": [], "functions": {"": {"executed_lines": [], "summary": {"covered_lines": 0, "num_statements": 0, "percent_covered": 100.0, "percent_covered_display": "100", "missing_lines": 0, "excluded_lines": 0, "percent_statements_covered": 100.0, "percent_statements_covered_display": "100"}, "missing_lines": [], "excluded_lines": [], "start_line": 1}}, "classes": {"": {"executed_lines": [], "summary": {"covered_lines": 0, "num_statements": 0, "percent_covered": 100.0, "percent_covered_display": "100", "missing_lines": 0, "excluded_lines": 0, "percent_statements_covered": 100.0, "percent_statements_covered_display": "100"}, "missing_lines": [], "excluded_lines": [], "start_line": 1}}}, "src\\bunkr_api\\core\\db.py": {"executed_lines": [1, 2, 3, 6, 7, 10, 11, 12, 13, 15, 16, 17, 18, 19, 21, 22, 23, 24, 25, 26, 28, 30, 32, 33, 34, 35, 49, 70, 75, 78, 81, 89, 90, 91, 94, 96, 111, 112, 113, 115, 116, 117, 119, 120, 123, 125, 127, 128, 129, 150, 155, 156, 157, 158, 159, 160, 161, 162, 165, 167, 168, 169, 170, 178, 179, 180, 181, 182, 184, 186, 216, 218, 223, 224, 234, 236, 237, 239, 251, 265, 266, 273, 280, 281, 284, 285, 287, 291, 292, 299, 300, 301, 305, 306, 307, 308, 313, 316, 317, 322, 323, 324, 325, 326, 327, 331, 336, 337, 338, 339, 340, 341, 342, 347, 348, 350, 351, 352, 353], "summary": {"covered_lines": 119, "num_statements": 122, "percent_covered": 97.54098360655738, "percent_covered_display": "98", "missing_lines": 3, "excluded_lines": 0, "percent_statements_covered": 97.54098360655738, "percent_statements_covered_display": "98"}, "missing_lines": [247, 248, 249], "excluded_lines": [], "functions": {"DatabaseManager.__init__": {"executed_lines": [12, 13], "summary": {"covered_lines": 2, "num_statements": 2, "percent_covered": 100.0, "percent_covered_display": "100", "missing_lines": 0, "excluded_lines": 0, "percent_statements_covered": 100.0, "percent_statements_covered_display": "100"}, "missing_lines": [], "excluded_lines": [], "start_line": 11}, "DatabaseManager._get_connection": {"executed_lines": [16, 17, 18, 19], "summary": {"covered_lines": 4, "num_statements": 4, "percent_covered": 100.0, "percent_covered_display": "100", "missing_lines": 0, "excluded_lines": 0, "percent_statements_covered": 100.0, "percent_statements_covered_display": "100"}, "missing_lines": [], "excluded_lines": [], "start_line": 15}, "DatabaseManager.connection": {"executed_lines": [23, 24, 25, 26, 28], "summary": {"covered_lines": 5, "num_statements": 5, "percent_covered": 100.0, "percent_covered_display": "100", "missing_lines": 0, "excluded_lines": 0, "percent_statements_covered": 100.0, "percent_statements_covered_display": "100"}, "missing_lines": [], "excluded_lines": [], "start_line": 22}, "DatabaseManager._init_db": {"executed_lines": [32, 33, 34, 35, 49, 70, 75, 78, 81], "summary": {"covered_lines": 9, "num_statements": 9, "percent_covered": 100.0, "percent_covered_display": "100", "missing_lines": 0, "excluded_lines": 0, "percent_statements_covered": 100.0, "percent_statements_covered_display": "100"}, "missing_lines": [], "excluded_lines": [], "start_line": 30}, "DatabaseManager.get_config_val": {"executed_lines": [90, 91, 94], "summary": {"covered_lines": 3, "num_statements": 3, "percent_covered": 100.0, "percent_covered_display": "100", "missing_lines": 0, "excluded_lines": 0, "percent_statements_covered": 100.0, "percent_statements_covered_display": "100"}, "missing_lines": [], "excluded_lines": [], "start_line": 89}, "DatabaseManager.register_album_from_json": {"executed_lines": [111, 112, 113, 115, 116, 117, 119, 120, 123, 125, 127, 128, 129, 150, 155, 156, 157, 158, 159, 160, 161, 162, 165, 167, 168, 169, 170, 178, 179, 180, 181, 182, 184, 186, 216], "summary": {"covered_lines": 35, "num_statements": 35, "percent_covered": 100.0, "percent_covered_display": "100", "missing_lines": 0, "excluded_lines": 0, "percent_statements_covered": 100.0, "percent_statements_covered_display": "100"}, "missing_lines": [], "excluded_lines": [], "start_line": 96}, "DatabaseManager.get_all_albums": {"executed_lines": [223, 224], "summary": {"covered_lines": 2, "num_statements": 2, "percent_covered": 100.0, "percent_covered_display": "100", "missing_lines": 0, "excluded_lines": 0, "percent_statements_covered": 100.0, "percent_statements_covered_display": "100"}, "missing_lines": [], "excluded_lines": [], "start_line": 218}, "DatabaseManager.get_album": {"executed_lines": [236, 237], "summary": {"covered_lines": 2, "num_statements": 2, "percent_covered": 100.0, "percent_covered_display": "100", "missing_lines": 0, "excluded_lines": 0, "percent_statements_covered": 100.0, "percent_statements_covered_display": "100"}, "missing_lines": [], "excluded_lines": [], "start_line": 234}, "DatabaseManager.delete_album": {"executed_lines": [], "summary": {"covered_lines": 0, "num_statements": 3, "percent_covered": 0.0, "percent_covered_display": "0", "missing_lines": 3, "excluded_lines": 0, "percent_statements_covered": 0.0, "percent_statements_covered_display": "0"}, "missing_lines": [247, 248, 249], "excluded_lines": [], "start_line": 239}, "DatabaseManager.get_staged_assets": {"executed_lines": [265, 266], "summary": {"covered_lines": 2, "num_statements": 2, "percent_covered": 100.0, "percent_covered_display": "100", "missing_lines": 0, "excluded_lines": 0, "percent_statements_covered": 100.0, "percent_statements_covered_display": "100"}, "missing_lines": [], "excluded_lines": [], "start_line": 251}, "DatabaseManager.sync_album_staged_flag": {"executed_lines": [280, 281, 284, 285], "summary": {"covered_lines": 4, "num_statements": 4, "percent_covered": 100.0, "percent_covered_display": "100", "missing_lines": 0, "excluded_lines": 0, "percent_statements_covered": 100.0, "percent_statements_covered_display": "100"}, "missing_lines": [], "excluded_lines": [], "start_line": 273}, "DatabaseManager.get_failed_assets": {"executed_lines": [291, 292], "summary": {"covered_lines": 2, "num_statements": 2, "percent_covered": 100.0, "percent_covered_display": "100", "missing_lines": 0, "excluded_lines": 0, "percent_statements_covered": 100.0, "percent_statements_covered_display": "100"}, "missing_lines": [], "excluded_lines": [], "start_line": 287}, "DatabaseManager.get_album_assets": {"executed_lines": [300, 301], "summary": {"covered_lines": 2, "num_statements": 2, "percent_covered": 100.0, "percent_covered_display": "100", "missing_lines": 0, "excluded_lines": 0, "percent_statements_covered": 100.0, "percent_statements_covered_display": "100"}, "missing_lines": [], "excluded_lines": [], "start_line": 299}, "DatabaseManager.update_asset_url": {"executed_lines": [306, 307, 308], "summary": {"covered_lines": 3, "num_statements": 3, "percent_covered": 100.0, "percent_covered_display": "100", "missing_lines": 0, "excluded_lines": 0, "percent_statements_covered": 100.0, "percent_statements_covered_display": "100"}, "missing_lines": [], "excluded_lines": [], "start_line": 305}, "DatabaseManager.update_download_status": {"executed_lines": [316, 317], "summary": {"covered_lines": 2, "num_statements": 2, "percent_covered": 100.0, "percent_covered_display": "100", "missing_lines": 0, "excluded_lines": 0, "percent_statements_covered": 100.0, "percent_statements_covered_display": "100"}, "missing_lines": [], "excluded_lines": [], "start_line": 313}, "DatabaseManager.get_needs_refresh": {"executed_lines": [323, 324, 325, 326, 327, 331], "summary": {"covered_lines": 6, "num_statements": 6, "percent_covered": 100.0, "percent_covered_display": "100", "missing_lines": 0, "excluded_lines": 0, "percent_statements_covered": 100.0, "percent_statements_covered_display": "100"}, "missing_lines": [], "excluded_lines": [], "start_line": 322}, "DatabaseManager.get_valid_url": {"executed_lines": [337, 338, 339, 340, 341, 342, 347, 348, 350, 351, 352, 353], "summary": {"covered_lines": 12, "num_statements": 12, "percent_covered": 100.0, "percent_covered_display": "100", "missing_lines": 0, "excluded_lines": 0, "percent_statements_covered": 100.0, "percent_statements_covered_display": "100"}, "missing_lines": [], "excluded_lines": [], "start_line": 336}, "": {"executed_lines": [1, 2, 3, 6, 7, 10, 11, 15, 21, 22, 30, 89, 96, 218, 234, 239, 251, 273, 287, 299, 305, 313, 322, 336], "summary": {"covered_lines": 24, "num_statements": 24, "percent_covered": 100.0, "percent_covered_display": "100", "missing_lines": 0, "excluded_lines": 0, "percent_statements_covered": 100.0, "percent_statements_covered_display": "100"}, "missing_lines": [], "excluded_lines": [], "start_line": 1}}, "classes": {"DatabaseManager": {"executed_lines": [12, 13, 16, 17, 18, 19, 23, 24, 25, 26, 28, 32, 33, 34, 35, 49, 70, 75, 78, 81, 90, 91, 94, 111, 112, 113, 115, 116, 117, 119, 120, 123, 125, 127, 128, 129, 150, 155, 156, 157, 158, 159, 160, 161, 162, 165, 167, 168, 169, 170, 178, 179, 180, 181, 182, 184, 186, 216, 223, 224, 236, 237, 265, 266, 280, 281, 284, 285, 291, 292, 300, 301, 306, 307, 308, 316, 317, 323, 324, 325, 326, 327, 331, 337, 338, 339, 340, 341, 342, 347, 348, 350, 351, 352, 353], "summary": {"covered_lines": 95, "num_statements": 98, "percent_covered": 96.93877551020408, "percent_covered_display": "97", "missing_lines": 3, "excluded_lines": 0, "percent_statements_covered": 96.93877551020408, "percent_statements_covered_display": "97"}, "missing_lines": [247, 248, 249], "excluded_lines": [], "start_line": 10}, "": {"executed_lines": [1, 2, 3, 6, 7, 10, 11, 15, 21, 22, 30, 89, 96, 218, 234, 239, 251, 273, 287, 299, 305, 313, 322, 336], "summary": {"covered_lines": 24, "num_statements": 24, "percent_covered": 100.0, "percent_covered_display": "100", "missing_lines": 0, "excluded_lines": 0, "percent_statements_covered": 100.0, "percent_statements_covered_display": "100"}, "missing_lines": [], "excluded_lines": [], "start_line": 1}}}, "src\\bunkr_api\\core\\scraper.py": {"executed_lines": [1, 2, 3, 4, 5, 6, 7, 9, 10, 12, 19, 20, 22, 24, 25, 29, 31, 33, 34, 35, 36, 37, 38, 39, 43, 45, 47, 49, 50, 52, 53, 55, 56, 57, 59, 60, 61, 62, 63, 64, 65, 67, 68, 74, 75, 76, 77, 78, 79, 81, 83, 85, 86, 87, 88, 90, 91, 92, 93, 94, 95, 97, 98, 100, 101, 102, 103, 104, 105, 106, 107, 108, 110, 112, 113, 114, 115, 116, 117, 119, 120, 121, 122, 123, 124, 126, 128, 130, 131, 133, 134, 135, 136, 137, 138, 140, 141, 142, 144, 146, 148, 149, 150, 152, 153, 154, 156, 157, 158, 160, 161, 162, 164, 166, 167, 168, 170, 180, 182, 184, 185, 186, 187, 191, 193, 194, 196, 201, 203, 204, 206, 207, 209, 211, 212, 213, 214, 215, 220, 221, 223, 236, 238, 239, 241, 242, 243, 244, 245, 246, 247, 249, 250, 252, 253, 257, 258, 263, 268, 270], "summary": {"covered_lines": 160, "num_statements": 181, "percent_covered": 88.39779005524862, "percent_covered_display": "88", "missing_lines": 21, "excluded_lines": 0, "percent_statements_covered": 88.39779005524862, "percent_statements_covered_display": "88"}, "missing_lines": [40, 41, 272, 276, 277, 278, 279, 280, 281, 282, 284, 286, 288, 290, 291, 292, 298, 307, 308, 309, 310], "excluded_lines": [], "functions": {"ScraperEngine.__init__": {"executed_lines": [29], "summary": {"covered_lines": 1, "num_statements": 1, "percent_covered": 100.0, "percent_covered_display": "100", "missing_lines": 0, "excluded_lines": 0, "percent_statements_covered": 100.0, "percent_statements_covered_display": "100"}, "missing_lines": [], "excluded_lines": [], "start_line": 25}, "ScraperEngine._safe_int": {"executed_lines": [33, 34, 35, 36, 37, 38, 39], "summary": {"covered_lines": 7, "num_statements": 9, "percent_covered": 77.77777777777777, "percent_covered_display": "78", "missing_lines": 2, "excluded_lines": 0, "percent_statements_covered": 77.77777777777777, "percent_statements_covered_display": "78"}, "missing_lines": [40, 41], "excluded_lines": [], "start_line": 31}, "ScraperEngine.standardize_top_url": {"executed_lines": [45], "summary": {"covered_lines": 1, "num_statements": 1, "percent_covered": 100.0, "percent_covered_display": "100", "missing_lines": 0, "excluded_lines": 0, "percent_statements_covered": 100.0, "percent_statements_covered_display": "100"}, "missing_lines": [], "excluded_lines": [], "start_line": 43}, "ScraperEngine.parse_albums": {"executed_lines": [49, 50, 52, 53, 55, 56, 57, 59, 60, 61, 62, 63, 64, 65, 67, 68, 74, 75, 76, 77, 78, 79, 81], "summary": {"covered_lines": 23, "num_statements": 23, "percent_covered": 100.0, "percent_covered_display": "100", "missing_lines": 0, "excluded_lines": 0, "percent_statements_covered": 100.0, "percent_statements_covered_display": "100"}, "missing_lines": [], "excluded_lines": [], "start_line": 47}, "ScraperEngine.parse_top_items": {"executed_lines": [85, 86, 87, 88, 90, 91, 92, 93, 94, 95, 97, 98, 100, 101, 102, 103, 104, 105, 106, 107, 108], "summary": {"covered_lines": 21, "num_statements": 21, "percent_covered": 100.0, "percent_covered_display": "100", "missing_lines": 0, "excluded_lines": 0, "percent_statements_covered": 100.0, "percent_statements_covered_display": "100"}, "missing_lines": [], "excluded_lines": [], "start_line": 83}, "ScraperEngine.extract_page_metadata": {"executed_lines": [112, 113, 114, 115, 116, 117, 119, 120, 121, 122, 123, 124, 126], "summary": {"covered_lines": 13, "num_statements": 13, "percent_covered": 100.0, "percent_covered_display": "100", "missing_lines": 0, "excluded_lines": 0, "percent_statements_covered": 100.0, "percent_statements_covered_display": "100"}, "missing_lines": [], "excluded_lines": [], "start_line": 110}, "ScraperEngine.parse_album_header_metadata": {"executed_lines": [130, 131, 133, 134, 135, 136, 137, 138, 140, 141, 142, 144], "summary": {"covered_lines": 12, "num_statements": 12, "percent_covered": 100.0, "percent_covered_display": "100", "missing_lines": 0, "excluded_lines": 0, "percent_statements_covered": 100.0, "percent_statements_covered_display": "100"}, "missing_lines": [], "excluded_lines": [], "start_line": 128}, "ScraperEngine.extract_advanced_album_files": {"executed_lines": [148, 149, 150, 152, 153, 154, 156, 157, 158, 160, 161, 162, 164, 166, 167, 168, 170, 180], "summary": {"covered_lines": 18, "num_statements": 18, "percent_covered": 100.0, "percent_covered_display": "100", "missing_lines": 0, "excluded_lines": 0, "percent_statements_covered": 100.0, "percent_statements_covered_display": "100"}, "missing_lines": [], "excluded_lines": [], "start_line": 146}, "ScraperEngine.scrape_album": {"executed_lines": [184, 185, 186, 187, 191, 193, 194, 196, 201, 203, 204, 206, 207, 209, 211, 212, 213, 214, 215, 220, 221, 223, 236, 238, 239, 241, 242, 243, 244, 245, 246, 247, 249, 250, 252, 253, 257, 258, 263, 268], "summary": {"covered_lines": 40, "num_statements": 40, "percent_covered": 100.0, "percent_covered_display": "100", "missing_lines": 0, "excluded_lines": 0, "percent_statements_covered": 100.0, "percent_statements_covered_display": "100"}, "missing_lines": [], "excluded_lines": [], "start_line": 182}, "main": {"executed_lines": [], "summary": {"covered_lines": 0, "num_statements": 16, "percent_covered": 0.0, "percent_covered_display": "0", "missing_lines": 16, "excluded_lines": 0, "percent_statements_covered": 0.0, "percent_statements_covered_display": "0"}, "missing_lines": [272, 276, 277, 278, 279, 280, 281, 282, 284, 286, 288, 290, 307, 308, 309, 310], "excluded_lines": [], "start_line": 270}, "main._run": {"executed_lines": [], "summary": {"covered_lines": 0, "num_statements": 3, "percent_covered": 0.0, "percent_covered_display": "0", "missing_lines": 3, "excluded_lines": 0, "percent_statements_covered": 0.0, "percent_statements_covered_display": "0"}, "missing_lines": [291, 292, 298], "excluded_lines": [], "start_line": 290}, "": {"executed_lines": [1, 2, 3, 4, 5, 6, 7, 9, 10, 12, 19, 20, 22, 24, 25, 31, 43, 47, 83, 110, 128, 146, 182, 270], "summary": {"covered_lines": 24, "num_statements": 24, "percent_covered": 100.0, "percent_covered_display": "100", "missing_lines": 0, "excluded_lines": 0, "percent_statements_covered": 100.0, "percent_statements_covered_display": "100"}, "missing_lines": [], "excluded_lines": [], "start_line": 1}}, "classes": {"ScraperEngine": {"executed_lines": [29, 33, 34, 35, 36, 37, 38, 39, 45, 49, 50, 52, 53, 55, 56, 57, 59, 60, 61, 62, 63, 64, 65, 67, 68, 74, 75, 76, 77, 78, 79, 81, 85, 86, 87, 88, 90, 91, 92, 93, 94, 95, 97, 98, 100, 101, 102, 103, 104, 105, 106, 107, 108, 112, 113, 114, 115, 116, 117, 119, 120, 121, 122, 123, 124, 126, 130, 131, 133, 134, 135, 136, 137, 138, 140, 141, 142, 144, 148, 149, 150, 152, 153, 154, 156, 157, 158, 160, 161, 162, 164, 166, 167, 168, 170, 180, 184, 185, 186, 187, 191, 193, 194, 196, 201, 203, 204, 206, 207, 209, 211, 212, 213, 214, 215, 220, 221, 223, 236, 238, 239, 241, 242, 243, 244, 245, 246, 247, 249, 250, 252, 253, 257, 258, 263, 268], "summary": {"covered_lines": 136, "num_statements": 138, "percent_covered": 98.55072463768116, "percent_covered_display": "99", "missing_lines": 2, "excluded_lines": 0, "percent_statements_covered": 98.55072463768116, "percent_statements_covered_display": "99"}, "missing_lines": [40, 41], "excluded_lines": [], "start_line": 24}, "": {"executed_lines": [1, 2, 3, 4, 5, 6, 7, 9, 10, 12, 19, 20, 22, 24, 25, 31, 43, 47, 83, 110, 128, 146, 182, 270], "summary": {"covered_lines": 24, "num_statements": 43, "percent_covered": 55.81395348837209, "percent_covered_display": "56", "missing_lines": 19, "excluded_lines": 0, "percent_statements_covered": 55.81395348837209, "percent_statements_covered_display": "56"}, "missing_lines": [272, 276, 277, 278, 279, 280, 281, 282, 284, 286, 288, 290, 291, 292, 298, 307, 308, 309, 310], "excluded_lines": [], "start_line": 1}}}, "src\\bunkr_api\\core\\tokens.py": {"executed_lines": [1, 2, 3, 4, 5, 6, 7, 9, 10, 11, 12, 20, 21, 23, 25, 30, 31, 33, 34, 41, 42, 43, 44, 46, 47, 48, 50, 51, 54, 55, 56, 57, 59, 60, 63, 64, 67, 72, 73, 74, 76, 77, 78, 83, 87, 89, 90, 93, 94, 95, 96, 97, 99, 100, 102, 103, 104, 106, 107, 108, 109, 110, 112, 115, 119, 121, 128, 133, 134, 138, 141, 146, 148, 149, 151, 152, 154, 155, 157, 158, 160, 161, 163, 164, 165, 166, 171, 172, 173, 176, 177, 179, 180, 181, 182, 183, 184, 186, 189, 190, 191, 195, 196, 197], "summary": {"covered_lines": 104, "num_statements": 107, "percent_covered": 97.19626168224299, "percent_covered_display": "97", "missing_lines": 3, "excluded_lines": 0, "percent_statements_covered": 97.19626168224299, "percent_statements_covered_display": "97"}, "missing_lines": [80, 168, 185], "excluded_lines": [], "functions": {"mint_single_url_async": {"executed_lines": [30, 31, 33, 34, 41, 42, 43, 44, 46, 47, 48, 50, 51, 54, 55, 56, 57, 59, 60, 63, 64], "summary": {"covered_lines": 21, "num_statements": 21, "percent_covered": 100.0, "percent_covered_display": "100", "missing_lines": 0, "excluded_lines": 0, "percent_statements_covered": 100.0, "percent_statements_covered_display": "100"}, "missing_lines": [], "excluded_lines": [], "start_line": 25}, "mint_now": {"executed_lines": [72, 76, 77, 78], "summary": {"covered_lines": 4, "num_statements": 5, "percent_covered": 80.0, "percent_covered_display": "80", "missing_lines": 1, "excluded_lines": 0, "percent_statements_covered": 80.0, "percent_statements_covered_display": "80"}, "missing_lines": [80], "excluded_lines": [], "start_line": 67}, "mint_now._run_single": {"executed_lines": [73, 74], "summary": {"covered_lines": 2, "num_statements": 2, "percent_covered": 100.0, "percent_covered_display": "100", "missing_lines": 0, "excluded_lines": 0, "percent_statements_covered": 100.0, "percent_statements_covered_display": "100"}, "missing_lines": [], "excluded_lines": [], "start_line": 72}, "process_asset_task": {"executed_lines": [87, 89, 90, 93, 94, 95, 96, 97, 99, 100, 102, 103, 104, 106, 107, 108, 109, 110, 112], "summary": {"covered_lines": 19, "num_statements": 19, "percent_covered": 100.0, "percent_covered_display": "100", "missing_lines": 0, "excluded_lines": 0, "percent_statements_covered": 100.0, "percent_statements_covered_display": "100"}, "missing_lines": [], "excluded_lines": [], "start_line": 83}, "refresh_all_tokens_async": {"executed_lines": [119, 121, 128, 133, 134, 138], "summary": {"covered_lines": 6, "num_statements": 6, "percent_covered": 100.0, "percent_covered_display": "100", "missing_lines": 0, "excluded_lines": 0, "percent_statements_covered": 100.0, "percent_statements_covered_display": "100"}, "missing_lines": [], "excluded_lines": [], "start_line": 115}, "daemon_loop": {"executed_lines": [146, 148, 149, 151, 152, 154, 155, 157, 158, 160, 161, 163, 164, 165, 166, 171, 172, 173, 176, 177, 179, 180, 181, 182, 183, 184, 186], "summary": {"covered_lines": 27, "num_statements": 29, "percent_covered": 93.10344827586206, "percent_covered_display": "93", "missing_lines": 2, "excluded_lines": 0, "percent_statements_covered": 93.10344827586206, "percent_statements_covered_display": "93"}, "missing_lines": [168, 185], "excluded_lines": [], "start_line": 141}, "main": {"executed_lines": [190, 191, 195, 196, 197], "summary": {"covered_lines": 5, "num_statements": 5, "percent_covered": 100.0, "percent_covered_display": "100", "missing_lines": 0, "excluded_lines": 0, "percent_statements_covered": 100.0, "percent_statements_covered_display": "100"}, "missing_lines": [], "excluded_lines": [], "start_line": 189}, "": {"executed_lines": [1, 2, 3, 4, 5, 6, 7, 9, 10, 11, 12, 20, 21, 23, 25, 67, 83, 115, 141, 189], "summary": {"covered_lines": 20, "num_statements": 20, "percent_covered": 100.0, "percent_covered_display": "100", "missing_lines": 0, "excluded_lines": 0, "percent_statements_covered": 100.0, "percent_statements_covered_display": "100"}, "missing_lines": [], "excluded_lines": [], "start_line": 1}}, "classes": {"": {"executed_lines": [1, 2, 3, 4, 5, 6, 7, 9, 10, 11, 12, 20, 21, 23, 25, 30, 31, 33, 34, 41, 42, 43, 44, 46, 47, 48, 50, 51, 54, 55, 56, 57, 59, 60, 63, 64, 67, 72, 73, 74, 76, 77, 78, 83, 87, 89, 90, 93, 94, 95, 96, 97, 99, 100, 102, 103, 104, 106, 107, 108, 109, 110, 112, 115, 119, 121, 128, 133, 134, 138, 141, 146, 148, 149, 151, 152, 154, 155, 157, 158, 160, 161, 163, 164, 165, 166, 171, 172, 173, 176, 177, 179, 180, 181, 182, 183, 184, 186, 189, 190, 191, 195, 196, 197], "summary": {"covered_lines": 104, "num_statements": 107, "percent_covered": 97.19626168224299, "percent_covered_display": "97", "missing_lines": 3, "excluded_lines": 0, "percent_statements_covered": 97.19626168224299, "percent_statements_covered_display": "97"}, "missing_lines": [80, 168, 185], "excluded_lines": [], "start_line": 1}}}, "src\\bunkr_api\\inspector.py": {"executed_lines": [1, 2, 3, 4, 6, 7, 8, 9, 12, 13, 15, 17, 18, 21, 22, 28, 30, 31, 32, 33, 34, 35, 36, 37, 38, 39, 40, 41, 43, 44, 45, 46, 47, 49, 50, 51, 53, 54, 55, 56, 57, 58, 60, 62, 63, 65, 66, 67, 68, 70, 71, 75, 76, 77, 79, 80, 81, 82, 83, 85, 86, 87, 89, 90, 91, 92, 96, 98, 100, 102, 103, 104, 105, 106, 108, 109, 110, 111, 112, 113, 114, 116, 118, 127, 128, 130, 138, 140, 142, 143, 144, 145, 146, 148, 149, 150, 152, 153, 154, 155, 156, 158, 160, 161, 162, 163, 165, 166, 167, 168, 169, 170, 171, 172, 174, 175, 176, 177, 179, 181, 182, 185, 198, 199, 200, 201, 202, 203, 204, 205, 207, 209, 210, 211, 212, 213, 214, 215, 216, 217, 218, 220, 221, 222, 223, 226, 232, 233, 234, 235, 236, 237, 238, 239, 240, 241, 242, 243, 244, 246, 247, 248, 249, 250, 251, 252, 253, 254, 255, 256, 257, 258, 259, 260, 266, 270, 272, 273, 274, 275, 276, 277, 279, 280, 284, 285, 286, 288, 289, 290, 292, 293, 294, 296, 298, 299, 301, 302, 303, 304, 305, 307, 308, 310, 311, 312, 313, 314, 315, 316, 317, 319, 320, 321, 322, 326, 329, 330, 331, 333, 334, 336, 339, 340, 341, 342, 346, 347, 348, 349, 352, 353, 354, 355, 356, 357, 358, 360, 373, 374, 375, 382, 390, 391, 396, 397, 400, 401, 407, 408, 409, 410, 413, 430, 439, 441, 443, 445, 449, 462, 466, 474, 477, 492, 494, 495, 496, 497, 498, 499, 501, 503, 504, 505, 506, 507, 508, 509, 510, 513, 515, 516, 517, 519, 520, 521, 522, 523, 524, 525, 526, 527, 528, 529, 531, 533], "summary": {"covered_lines": 296, "num_statements": 306, "percent_covered": 96.73202614379085, "percent_covered_display": "97", "missing_lines": 10, "excluded_lines": 0, "percent_statements_covered": 96.73202614379085, "percent_statements_covered_display": "97"}, "missing_lines": [19, 72, 73, 93, 94, 323, 324, 337, 350, 534], "excluded_lines": [], "functions": {"Inspector.__init__": {"executed_lines": [], "summary": {"covered_lines": 0, "num_statements": 1, "percent_covered": 0.0, "percent_covered_display": "0", "missing_lines": 1, "excluded_lines": 0, "percent_statements_covered": 0.0, "percent_statements_covered_display": "0"}, "missing_lines": [19], "excluded_lines": [], "start_line": 18}, "Inspector.get_conn": {"executed_lines": [22], "summary": {"covered_lines": 1, "num_statements": 1, "percent_covered": 100.0, "percent_covered_display": "100", "missing_lines": 0, "excluded_lines": 0, "percent_statements_covered": 100.0, "percent_statements_covered_display": "100"}, "missing_lines": [], "excluded_lines": [], "start_line": 21}, "Inspector.display_table": {"executed_lines": [30, 31, 32, 33, 34, 35, 36, 37, 38, 39, 40, 41, 43, 44, 45, 46, 47, 49, 50, 51, 53, 54, 55, 56, 57, 58], "summary": {"covered_lines": 26, "num_statements": 26, "percent_covered": 100.0, "percent_covered_display": "100", "missing_lines": 0, "excluded_lines": 0, "percent_statements_covered": 100.0, "percent_statements_covered_display": "100"}, "missing_lines": [], "excluded_lines": [], "start_line": 28}, "Inspector.display_dashboard": {"executed_lines": [62, 63, 65, 66, 67, 68, 70, 75, 76, 77, 79, 80, 81, 82, 83, 85, 86, 87, 89, 90, 91, 92, 96, 98], "summary": {"covered_lines": 24, "num_statements": 26, "percent_covered": 92.3076923076923, "percent_covered_display": "92", "missing_lines": 2, "excluded_lines": 0, "percent_statements_covered": 92.3076923076923, "percent_statements_covered_display": "92"}, "missing_lines": [93, 94], "excluded_lines": [], "start_line": 60}, "Inspector.display_dashboard.safe_count": {"executed_lines": [71], "summary": {"covered_lines": 1, "num_statements": 3, "percent_covered": 33.333333333333336, "percent_covered_display": "33", "missing_lines": 2, "excluded_lines": 0, "percent_statements_covered": 33.333333333333336, "percent_statements_covered_display": "33"}, "missing_lines": [72, 73], "excluded_lines": [], "start_line": 70}, "Inspector.display_albums": {"executed_lines": [102, 103, 104, 105, 106, 108, 109, 110, 111, 112, 113, 114, 116, 118, 127, 128, 130, 138], "summary": {"covered_lines": 18, "num_statements": 18, "percent_covered": 100.0, "percent_covered_display": "100", "missing_lines": 0, "excluded_lines": 0, "percent_statements_covered": 100.0, "percent_statements_covered_display": "100"}, "missing_lines": [], "excluded_lines": [], "start_line": 100}, "Inspector.display_album_detail": {"executed_lines": [142, 143, 144, 145, 146, 148, 149, 150, 152, 153, 154, 155, 156], "summary": {"covered_lines": 13, "num_statements": 13, "percent_covered": 100.0, "percent_covered_display": "100", "missing_lines": 0, "excluded_lines": 0, "percent_statements_covered": 100.0, "percent_statements_covered_display": "100"}, "missing_lines": [], "excluded_lines": [], "start_line": 140}, "Inspector.display_expiring": {"executed_lines": [160, 161, 162, 163, 165, 166, 167, 168, 169, 170, 171, 172, 174, 175, 176, 177], "summary": {"covered_lines": 16, "num_statements": 16, "percent_covered": 100.0, "percent_covered_display": "100", "missing_lines": 0, "excluded_lines": 0, "percent_statements_covered": 100.0, "percent_statements_covered_display": "100"}, "missing_lines": [], "excluded_lines": [], "start_line": 158}, "Inspector.display_staged": {"executed_lines": [181, 182, 185, 198, 199, 200, 201, 202, 203, 204, 205, 207, 209, 210, 211, 212, 213, 214, 215, 216, 217, 218, 220, 221, 222, 223, 226], "summary": {"covered_lines": 27, "num_statements": 27, "percent_covered": 100.0, "percent_covered_display": "100", "missing_lines": 0, "excluded_lines": 0, "percent_statements_covered": 100.0, "percent_statements_covered_display": "100"}, "missing_lines": [], "excluded_lines": [], "start_line": 179}, "Inspector.add_column": {"executed_lines": [233, 234, 235, 236, 237, 238, 239, 240, 241, 242, 243, 244], "summary": {"covered_lines": 12, "num_statements": 12, "percent_covered": 100.0, "percent_covered_display": "100", "missing_lines": 0, "excluded_lines": 0, "percent_statements_covered": 100.0, "percent_statements_covered_display": "100"}, "missing_lines": [], "excluded_lines": [], "start_line": 232}, "Inspector.drop_column": {"executed_lines": [247, 248, 249, 250, 251, 252, 253, 254, 255, 256, 257, 258, 259, 260], "summary": {"covered_lines": 14, "num_statements": 14, "percent_covered": 100.0, "percent_covered_display": "100", "missing_lines": 0, "excluded_lines": 0, "percent_statements_covered": 100.0, "percent_statements_covered_display": "100"}, "missing_lines": [], "excluded_lines": [], "start_line": 246}, "Inspector._resolve_bound": {"executed_lines": [270], "summary": {"covered_lines": 1, "num_statements": 1, "percent_covered": 100.0, "percent_covered_display": "100", "missing_lines": 0, "excluded_lines": 0, "percent_statements_covered": 100.0, "percent_statements_covered_display": "100"}, "missing_lines": [], "excluded_lines": [], "start_line": 266}, "Inspector.toggle_staging": {"executed_lines": [273, 274, 275, 276, 277, 279, 280, 284, 285, 286, 288, 289, 290, 292, 293, 294, 296, 298, 299, 301, 302, 303, 304, 305], "summary": {"covered_lines": 24, "num_statements": 24, "percent_covered": 100.0, "percent_covered_display": "100", "missing_lines": 0, "excluded_lines": 0, "percent_statements_covered": 100.0, "percent_statements_covered_display": "100"}, "missing_lines": [], "excluded_lines": [], "start_line": 272}, "Inspector.wipe": {"executed_lines": [308, 310, 311, 312, 313, 314, 315, 316, 317, 319, 320, 321, 322, 326, 329, 330, 331, 333, 334, 336, 339, 340, 341, 342, 346, 347, 348, 349], "summary": {"covered_lines": 28, "num_statements": 32, "percent_covered": 87.5, "percent_covered_display": "88", "missing_lines": 4, "excluded_lines": 0, "percent_statements_covered": 87.5, "percent_statements_covered_display": "88"}, "missing_lines": [323, 324, 337, 350], "excluded_lines": [], "start_line": 307}, "Inspector.nuke": {"executed_lines": [353, 354, 355, 356, 357, 358], "summary": {"covered_lines": 6, "num_statements": 6, "percent_covered": 100.0, "percent_covered_display": "100", "missing_lines": 0, "excluded_lines": 0, "percent_statements_covered": 100.0, "percent_statements_covered_display": "100"}, "missing_lines": [], "excluded_lines": [], "start_line": 352}, "Inspector.recount_file_counts": {"executed_lines": [373, 374, 375, 382, 390, 391, 396, 397, 400, 401], "summary": {"covered_lines": 10, "num_statements": 10, "percent_covered": 100.0, "percent_covered_display": "100", "missing_lines": 0, "excluded_lines": 0, "percent_statements_covered": 100.0, "percent_statements_covered_display": "100"}, "missing_lines": [], "excluded_lines": [], "start_line": 360}, "main": {"executed_lines": [408, 409, 410, 413, 430, 439, 441, 443, 445, 449, 462, 466, 474, 477, 492, 494, 495, 496, 497, 498, 499, 501, 503, 504, 505, 506, 507, 508, 509, 510, 513, 515, 516, 517, 519, 520, 521, 522, 523, 524, 525, 526, 527, 528, 529, 531], "summary": {"covered_lines": 46, "num_statements": 46, "percent_covered": 100.0, "percent_covered_display": "100", "missing_lines": 0, "excluded_lines": 0, "percent_statements_covered": 100.0, "percent_statements_covered_display": "100"}, "missing_lines": [], "excluded_lines": [], "start_line": 407}, "": {"executed_lines": [1, 2, 3, 4, 6, 7, 8, 9, 12, 13, 15, 17, 18, 21, 28, 60, 100, 140, 158, 179, 232, 246, 266, 272, 307, 352, 360, 407, 533], "summary": {"covered_lines": 29, "num_statements": 30, "percent_covered": 96.66666666666667, "percent_covered_display": "97", "missing_lines": 1, "excluded_lines": 0, "percent_statements_covered": 96.66666666666667, "percent_statements_covered_display": "97"}, "missing_lines": [534], "excluded_lines": [], "start_line": 1}}, "classes": {"Inspector": {"executed_lines": [22, 30, 31, 32, 33, 34, 35, 36, 37, 38, 39, 40, 41, 43, 44, 45, 46, 47, 49, 50, 51, 53, 54, 55, 56, 57, 58, 62, 63, 65, 66, 67, 68, 70, 71, 75, 76, 77, 79, 80, 81, 82, 83, 85, 86, 87, 89, 90, 91, 92, 96, 98, 102, 103, 104, 105, 106, 108, 109, 110, 111, 112, 113, 114, 116, 118, 127, 128, 130, 138, 142, 143, 144, 145, 146, 148, 149, 150, 152, 153, 154, 155, 156, 160, 161, 162, 163, 165, 166, 167, 168, 169, 170, 171, 172, 174, 175, 176, 177, 181, 182, 185, 198, 199, 200, 201, 202, 203, 204, 205, 207, 209, 210, 211, 212, 213, 214, 215, 216, 217, 218, 220, 221, 222, 223, 226, 233, 234, 235, 236, 237, 238, 239, 240, 241, 242, 243, 244, 247, 248, 249, 250, 251, 252, 253, 254, 255, 256, 257, 258, 259, 260, 270, 273, 274, 275, 276, 277, 279, 280, 284, 285, 286, 288, 289, 290, 292, 293, 294, 296, 298, 299, 301, 302, 303, 304, 305, 308, 310, 311, 312, 313, 314, 315, 316, 317, 319, 320, 321, 322, 326, 329, 330, 331, 333, 334, 336, 339, 340, 341, 342, 346, 347, 348, 349, 353, 354, 355, 356, 357, 358, 373, 374, 375, 382, 390, 391, 396, 397, 400, 401], "summary": {"covered_lines": 221, "num_statements": 230, "percent_covered": 96.08695652173913, "percent_covered_display": "96", "missing_lines": 9, "excluded_lines": 0, "percent_statements_covered": 96.08695652173913, "percent_statements_covered_display": "96"}, "missing_lines": [19, 72, 73, 93, 94, 323, 324, 337, 350], "excluded_lines": [], "start_line": 17}, "": {"executed_lines": [1, 2, 3, 4, 6, 7, 8, 9, 12, 13, 15, 17, 18, 21, 28, 60, 100, 140, 158, 179, 232, 246, 266, 272, 307, 352, 360, 407, 408, 409, 410, 413, 430, 439, 441, 443, 445, 449, 462, 466, 474, 477, 492, 494, 495, 496, 497, 498, 499, 501, 503, 504, 505, 506, 507, 508, 509, 510, 513, 515, 516, 517, 519, 520, 521, 522, 523, 524, 525, 526, 527, 528, 529, 531, 533], "summary": {"covered_lines": 75, "num_statements": 76, "percent_covered": 98.6842105263158, "percent_covered_display": "99", "missing_lines": 1, "excluded_lines": 0, "percent_statements_covered": 98.6842105263158, "percent_statements_covered_display": "99"}, "missing_lines": [534], "excluded_lines": [], "start_line": 1}}}, "src\\bunkr_api\\media\\__init__.py": {"executed_lines": [], "summary": {"covered_lines": 0, "num_statements": 0, "percent_covered": 100.0, "percent_covered_display": "100", "missing_lines": 0, "excluded_lines": 0, "percent_statements_covered": 100.0, "percent_statements_covered_display": "100"}, "missing_lines": [], "excluded_lines": [], "functions": {"": {"executed_lines": [], "summary": {"covered_lines": 0, "num_statements": 0, "percent_covered": 100.0, "percent_covered_display": "100", "missing_lines": 0, "excluded_lines": 0, "percent_statements_covered": 100.0, "percent_statements_covered_display": "100"}, "missing_lines": [], "excluded_lines": [], "start_line": 1}}, "classes": {"": {"executed_lines": [], "summary": {"covered_lines": 0, "num_statements": 0, "percent_covered": 100.0, "percent_covered_display": "100", "missing_lines": 0, "excluded_lines": 0, "percent_statements_covered": 100.0, "percent_statements_covered_display": "100"}, "missing_lines": [], "excluded_lines": [], "start_line": 1}}}, "src\\bunkr_api\\media\\downloader.py": {"executed_lines": [1, 2, 3, 4, 5, 6, 7, 8, 9, 10, 11, 13, 14, 22, 24, 25, 26, 33, 35, 36, 37, 38, 39, 40, 42, 45, 46, 48, 49, 50, 51, 52, 54, 55, 56, 57, 59, 61, 62, 63, 65, 66, 67, 69, 79, 81, 82, 83, 92, 93, 95, 96, 97, 98, 99, 100, 101, 102, 103, 105, 107, 108, 109, 111, 112, 113, 114, 115, 116, 117, 120, 121, 122, 124, 125, 126, 128, 129, 130, 131, 132, 134, 135, 137, 139, 140, 141, 143, 144, 146, 148, 149, 150, 151, 152, 153, 154, 155, 156, 158, 159, 161, 175, 177, 178, 179, 182, 185, 192, 193, 194, 195, 196, 197, 198, 199, 200, 201, 203, 204, 205, 206, 207, 208, 212, 213, 214, 215, 217, 218, 220, 224, 225, 226, 227, 228, 229, 230, 232, 245, 246, 247, 248, 249, 250, 251, 252, 253, 263, 264, 266, 268, 269, 270, 271, 272, 274, 275, 276, 277, 278, 279, 280, 281, 282, 283, 284, 286, 287, 288, 289, 290, 292, 293, 295, 296, 297, 298, 300, 301, 303, 304, 305, 306, 307, 309, 311, 312, 313, 315, 316, 318, 319, 320, 322, 323, 325, 326, 327, 328, 329, 330, 332, 334, 336, 338, 342, 343, 344, 345, 346, 347, 348, 349, 351, 352, 354, 355, 356, 357, 358, 359, 362, 365, 367, 369, 370, 371, 372, 373, 374, 375, 377, 378, 379, 380, 381, 382, 383, 385, 386, 387, 388, 389, 390, 391, 392, 393, 394, 395, 396, 397, 399, 400, 401, 402, 403, 404, 413, 414, 415, 418, 419, 420, 422, 423, 424, 426, 427, 428, 429, 434, 436], "summary": {"covered_lines": 273, "num_statements": 276, "percent_covered": 98.91304347826087, "percent_covered_display": "99", "missing_lines": 3, "excluded_lines": 0, "percent_statements_covered": 98.91304347826087, "percent_statements_covered_display": "99"}, "missing_lines": [363, 421, 437], "excluded_lines": [], "functions": {"DownloadEngine.__init__": {"executed_lines": [37, 38, 39, 40], "summary": {"covered_lines": 4, "num_statements": 4, "percent_covered": 100.0, "percent_covered_display": "100", "missing_lines": 0, "excluded_lines": 0, "percent_statements_covered": 100.0, "percent_statements_covered_display": "100"}, "missing_lines": [], "excluded_lines": [], "start_line": 36}, "DownloadEngine.execute_ytdlp_task": {"executed_lines": [45, 46, 48, 49, 50, 51, 52, 54, 55, 56, 57, 59, 61, 62, 63, 65, 66, 67, 69, 79, 81, 82, 83, 92, 93, 95, 96, 97, 98, 99, 100, 101, 102, 103, 105, 107, 108, 109, 111, 112, 113, 114, 115, 116, 117, 120, 121, 122, 124, 125, 126, 128, 129, 130, 131, 132, 134, 135], "summary": {"covered_lines": 58, "num_statements": 58, "percent_covered": 100.0, "percent_covered_display": "100", "missing_lines": 0, "excluded_lines": 0, "percent_statements_covered": 100.0, "percent_statements_covered_display": "100"}, "missing_lines": [], "excluded_lines": [], "start_line": 42}, "DownloadEngine.resolve_tokens_async": {"executed_lines": [139, 140, 141, 143, 144, 146, 148, 149, 158, 159], "summary": {"covered_lines": 10, "num_statements": 10, "percent_covered": 100.0, "percent_covered_display": "100", "missing_lines": 0, "excluded_lines": 0, "percent_statements_covered": 100.0, "percent_statements_covered_display": "100"}, "missing_lines": [], "excluded_lines": [], "start_line": 137}, "DownloadEngine.resolve_tokens_async.worker": {"executed_lines": [150, 151, 152, 153, 154, 155, 156], "summary": {"covered_lines": 7, "num_statements": 7, "percent_covered": 100.0, "percent_covered_display": "100", "missing_lines": 0, "excluded_lines": 0, "percent_statements_covered": 100.0, "percent_statements_covered_display": "100"}, "missing_lines": [], "excluded_lines": [], "start_line": 149}, "DownloadEngine.run": {"executed_lines": [175, 177, 178, 179, 182, 185, 192, 193, 194, 195, 196, 197, 198, 199, 200, 201, 203, 204, 205, 206, 207, 208, 212, 213, 214, 215, 217, 218, 220, 224, 225, 226, 227, 228, 229, 230, 232, 245, 246, 247, 248, 249, 250, 251, 252, 253, 263, 264], "summary": {"covered_lines": 48, "num_statements": 48, "percent_covered": 100.0, "percent_covered_display": "100", "missing_lines": 0, "excluded_lines": 0, "percent_statements_covered": 100.0, "percent_statements_covered_display": "100"}, "missing_lines": [], "excluded_lines": [], "start_line": 161}, "prompt_for_inputs": {"executed_lines": [268, 269, 270, 271, 272, 274, 275, 276, 277, 278, 279, 280, 281, 282, 283, 284, 286, 287, 288, 289, 290, 292, 293, 295, 296, 297, 298, 300, 301, 303, 304, 305, 306, 307, 309, 311, 312, 313, 315, 316, 318, 319, 320, 322, 323], "summary": {"covered_lines": 45, "num_statements": 45, "percent_covered": 100.0, "percent_covered_display": "100", "missing_lines": 0, "excluded_lines": 0, "percent_statements_covered": 100.0, "percent_statements_covered_display": "100"}, "missing_lines": [], "excluded_lines": [], "start_line": 266}, "prompt_for_workers": {"executed_lines": [326, 327, 328, 329, 330], "summary": {"covered_lines": 5, "num_statements": 5, "percent_covered": 100.0, "percent_covered_display": "100", "missing_lines": 0, "excluded_lines": 0, "percent_statements_covered": 100.0, "percent_statements_covered_display": "100"}, "missing_lines": [], "excluded_lines": [], "start_line": 325}, "main": {"executed_lines": [334, 336, 338, 342, 343, 344, 345, 346, 347, 348, 349, 351, 352, 354, 355, 356, 357, 358, 359, 362, 365, 367, 369, 370, 371, 372, 373, 374, 375, 377, 378, 379, 380, 381, 382, 383, 385, 386, 387, 388, 389, 390, 391, 392, 393, 394, 395, 396, 397, 399, 400, 401, 402, 403, 404, 413, 414, 415, 418, 419, 420, 422, 423, 424, 426, 427, 428, 429, 434], "summary": {"covered_lines": 69, "num_statements": 71, "percent_covered": 97.1830985915493, "percent_covered_display": "97", "missing_lines": 2, "excluded_lines": 0, "percent_statements_covered": 97.1830985915493, "percent_statements_covered_display": "97"}, "missing_lines": [363, 421], "excluded_lines": [], "start_line": 332}, "": {"executed_lines": [1, 2, 3, 4, 5, 6, 7, 8, 9, 10, 11, 13, 14, 22, 24, 25, 26, 33, 35, 36, 42, 137, 161, 266, 325, 332, 436], "summary": {"covered_lines": 27, "num_statements": 28, "percent_covered": 96.42857142857143, "percent_covered_display": "96", "missing_lines": 1, "excluded_lines": 0, "percent_statements_covered": 96.42857142857143, "percent_statements_covered_display": "96"}, "missing_lines": [437], "excluded_lines": [], "start_line": 1}}, "classes": {"DownloadEngine": {"executed_lines": [37, 38, 39, 40, 45, 46, 48, 49, 50, 51, 52, 54, 55, 56, 57, 59, 61, 62, 63, 65, 66, 67, 69, 79, 81, 82, 83, 92, 93, 95, 96, 97, 98, 99, 100, 101, 102, 103, 105, 107, 108, 109, 111, 112, 113, 114, 115, 116, 117, 120, 121, 122, 124, 125, 126, 128, 129, 130, 131, 132, 134, 135, 139, 140, 141, 143, 144, 146, 148, 149, 150, 151, 152, 153, 154, 155, 156, 158, 159, 175, 177, 178, 179, 182, 185, 192, 193, 194, 195, 196, 197, 198, 199, 200, 201, 203, 204, 205, 206, 207, 208, 212, 213, 214, 215, 217, 218, 220, 224, 225, 226, 227, 228, 229, 230, 232, 245, 246, 247, 248, 249, 250, 251, 252, 253, 263, 264], "summary": {"covered_lines": 127, "num_statements": 127, "percent_covered": 100.0, "percent_covered_display": "100", "missing_lines": 0, "excluded_lines": 0, "percent_statements_covered": 100.0, "percent_statements_covered_display": "100"}, "missing_lines": [], "excluded_lines": [], "start_line": 35}, "": {"executed_lines": [1, 2, 3, 4, 5, 6, 7, 8, 9, 10, 11, 13, 14, 22, 24, 25, 26, 33, 35, 36, 42, 137, 161, 266, 268, 269, 270, 271, 272, 274, 275, 276, 277, 278, 279, 280, 281, 282, 283, 284, 286, 287, 288, 289, 290, 292, 293, 295, 296, 297, 298, 300, 301, 303, 304, 305, 306, 307, 309, 311, 312, 313, 315, 316, 318, 319, 320, 322, 323, 325, 326, 327, 328, 329, 330, 332, 334, 336, 338, 342, 343, 344, 345, 346, 347, 348, 349, 351, 352, 354, 355, 356, 357, 358, 359, 362, 365, 367, 369, 370, 371, 372, 373, 374, 375, 377, 378, 379, 380, 381, 382, 383, 385, 386, 387, 388, 389, 390, 391, 392, 393, 394, 395, 396, 397, 399, 400, 401, 402, 403, 404, 413, 414, 415, 418, 419, 420, 422, 423, 424, 426, 427, 428, 429, 434, 436], "summary": {"covered_lines": 146, "num_statements": 149, "percent_covered": 97.98657718120805, "percent_covered_display": "98", "missing_lines": 3, "excluded_lines": 0, "percent_statements_covered": 97.98657718120805, "percent_statements_covered_display": "98"}, "missing_lines": [363, 421, 437], "excluded_lines": [], "start_line": 1}}}, "src\\bunkr_api\\media\\player.py": {"executed_lines": [1, 2, 3, 4, 5, 6, 7, 8, 9, 10, 11, 12, 14, 15, 16, 17, 18, 21, 22, 24, 27, 28, 29, 31, 33, 34, 35, 36, 37, 39, 40, 41, 43, 45, 46, 47, 48, 49, 50, 51, 52, 53, 54, 55, 57, 58, 60, 69, 78, 79, 80, 81, 82, 85, 90, 98, 102, 103, 104, 107, 115, 116, 117, 118, 119, 120, 121, 127, 128, 129, 130, 131, 132, 134, 139, 141, 149, 150, 151, 152, 154, 156, 158, 160, 161, 162, 163, 164, 165, 166, 168, 169, 171, 175, 176, 178, 179, 180, 182, 183, 184, 185, 186, 187, 189, 190, 192, 194, 198, 199, 202, 203, 204, 205, 212, 217, 218, 222, 224, 226, 232, 233, 234, 235, 243, 244, 245, 246, 248, 250, 254, 255, 258, 259, 260, 261, 268, 269, 270, 272, 275, 276, 278, 279, 280, 283, 285, 286, 287, 291, 292, 293, 294, 295, 296, 299, 300, 301, 306, 309, 311, 312, 313, 320, 321, 323, 324, 329, 331, 332, 334, 335, 336, 337, 338, 342, 344, 345, 346, 348, 349, 351, 354, 356, 361, 364, 366, 368, 369, 371, 372, 373, 374, 375, 377, 378, 380, 381, 383, 385, 386, 387, 388, 389, 398, 399, 400, 401, 402, 411, 412, 413, 414, 415, 416, 426, 427, 428, 430, 431, 436, 437, 439, 440, 443, 444, 445, 446, 447, 448, 450, 451, 453, 456, 479], "summary": {"covered_lines": 235, "num_statements": 274, "percent_covered": 85.76642335766424, "percent_covered_display": "86", "missing_lines": 39, "excluded_lines": 0, "percent_statements_covered": 85.76642335766424, "percent_statements_covered_display": "86"}, "missing_lines": [84, 86, 87, 88, 105, 123, 124, 125, 206, 207, 210, 238, 239, 240, 241, 262, 263, 266, 288, 289, 316, 317, 318, 355, 432, 433, 434, 458, 460, 464, 465, 466, 467, 468, 470, 471, 472, 476, 480], "excluded_lines": [], "functions": {"PlayerEngine.__init__": {"executed_lines": [29], "summary": {"covered_lines": 1, "num_statements": 1, "percent_covered": 100.0, "percent_covered_display": "100", "missing_lines": 0, "excluded_lines": 0, "percent_statements_covered": 100.0, "percent_statements_covered_display": "100"}, "missing_lines": [], "excluded_lines": [], "start_line": 28}, "PlayerEngine.connect_to_ipc": {"executed_lines": [33, 34, 35, 36, 37, 39, 40, 41], "summary": {"covered_lines": 8, "num_statements": 8, "percent_covered": 100.0, "percent_covered_display": "100", "missing_lines": 0, "excluded_lines": 0, "percent_statements_covered": 100.0, "percent_statements_covered_display": "100"}, "missing_lines": [], "excluded_lines": [], "start_line": 31}, "PlayerEngine.poll_mpv_status": {"executed_lines": [45, 46, 47, 48, 49, 50, 51, 52, 53, 54, 55, 57, 58, 60, 69, 78, 79, 80, 81, 82, 85, 90, 98, 102, 107, 115, 116, 117, 118, 119, 120, 121, 127, 128, 129, 130, 131, 132, 134, 139, 141, 149, 150, 151, 152], "summary": {"covered_lines": 45, "num_statements": 52, "percent_covered": 86.53846153846153, "percent_covered_display": "87", "missing_lines": 7, "excluded_lines": 0, "percent_statements_covered": 86.53846153846153, "percent_statements_covered_display": "87"}, "missing_lines": [84, 86, 87, 88, 123, 124, 125], "excluded_lines": [], "start_line": 43}, "PlayerEngine.poll_mpv_status.fmt_time": {"executed_lines": [103, 104], "summary": {"covered_lines": 2, "num_statements": 3, "percent_covered": 66.66666666666667, "percent_covered_display": "67", "missing_lines": 1, "excluded_lines": 0, "percent_statements_covered": 66.66666666666667, "percent_statements_covered_display": "67"}, "missing_lines": [105], "excluded_lines": [], "start_line": 102}, "PlayerEngine.resolve_tokens_async": {"executed_lines": [156, 158, 160, 161, 162, 163, 164, 165, 166, 168, 169, 171, 175, 176, 178, 189, 190], "summary": {"covered_lines": 17, "num_statements": 17, "percent_covered": 100.0, "percent_covered_display": "100", "missing_lines": 0, "excluded_lines": 0, "percent_statements_covered": 100.0, "percent_statements_covered_display": "100"}, "missing_lines": [], "excluded_lines": [], "start_line": 154}, "PlayerEngine.resolve_tokens_async.worker": {"executed_lines": [179, 180, 182, 183, 184, 185, 186, 187], "summary": {"covered_lines": 8, "num_statements": 8, "percent_covered": 100.0, "percent_covered_display": "100", "missing_lines": 0, "excluded_lines": 0, "percent_statements_covered": 100.0, "percent_statements_covered_display": "100"}, "missing_lines": [], "excluded_lines": [], "start_line": 178}, "PlayerEngine.play_mpv": {"executed_lines": [194, 198, 199, 202, 203, 204, 205, 212, 217, 218, 222, 224, 226, 232, 233, 234, 235, 243, 244, 245, 246], "summary": {"covered_lines": 21, "num_statements": 28, "percent_covered": 75.0, "percent_covered_display": "75", "missing_lines": 7, "excluded_lines": 0, "percent_statements_covered": 75.0, "percent_statements_covered_display": "75"}, "missing_lines": [206, 207, 210, 238, 239, 240, 241], "excluded_lines": [], "start_line": 192}, "PlayerEngine.play_vlc": {"executed_lines": [250, 254, 255, 258, 259, 260, 261, 268, 269, 270, 272, 275, 276, 278, 279, 280], "summary": {"covered_lines": 16, "num_statements": 19, "percent_covered": 84.21052631578948, "percent_covered_display": "84", "missing_lines": 3, "excluded_lines": 0, "percent_statements_covered": 84.21052631578948, "percent_statements_covered_display": "84"}, "missing_lines": [262, 263, 266], "excluded_lines": [], "start_line": 248}, "prompt_for_inputs": {"executed_lines": [285, 286, 287, 291, 292, 293, 294, 295, 296, 299, 300, 301, 306, 309, 311, 312, 313, 320, 321, 323, 324, 329, 331, 332, 334, 335, 336, 337, 338, 342, 344, 345, 346, 348, 349, 351, 354, 356, 361], "summary": {"covered_lines": 39, "num_statements": 45, "percent_covered": 86.66666666666667, "percent_covered_display": "87", "missing_lines": 6, "excluded_lines": 0, "percent_statements_covered": 86.66666666666667, "percent_statements_covered_display": "87"}, "missing_lines": [288, 289, 316, 317, 318, 355], "excluded_lines": [], "start_line": 283}, "run_player_logic": {"executed_lines": [366, 368, 369, 371, 372, 373, 374, 375, 377, 378, 380, 381, 383, 385, 386, 387, 388, 389, 398, 399, 400, 401, 402, 411, 412, 413, 414, 415, 416, 426, 427, 428, 430, 431, 436, 437, 439, 440, 443, 444, 445, 446, 447, 448, 450, 451, 453], "summary": {"covered_lines": 47, "num_statements": 50, "percent_covered": 94.0, "percent_covered_display": "94", "missing_lines": 3, "excluded_lines": 0, "percent_statements_covered": 94.0, "percent_statements_covered_display": "94"}, "missing_lines": [432, 433, 434], "excluded_lines": [], "start_line": 364}, "main": {"executed_lines": [], "summary": {"covered_lines": 0, "num_statements": 11, "percent_covered": 0.0, "percent_covered_display": "0", "missing_lines": 11, "excluded_lines": 0, "percent_statements_covered": 0.0, "percent_statements_covered_display": "0"}, "missing_lines": [458, 460, 464, 465, 466, 467, 468, 470, 471, 472, 476], "excluded_lines": [], "start_line": 456}, "": {"executed_lines": [1, 2, 3, 4, 5, 6, 7, 8, 9, 10, 11, 12, 14, 15, 16, 17, 18, 21, 22, 24, 27, 28, 31, 43, 154, 192, 248, 283, 364, 456, 479], "summary": {"covered_lines": 31, "num_statements": 32, "percent_covered": 96.875, "percent_covered_display": "97", "missing_lines": 1, "excluded_lines": 0, "percent_statements_covered": 96.875, "percent_statements_covered_display": "97"}, "missing_lines": [480], "excluded_lines": [], "start_line": 1}}, "classes": {"PlayerEngine": {"executed_lines": [29, 33, 34, 35, 36, 37, 39, 40, 41, 45, 46, 47, 48, 49, 50, 51, 52, 53, 54, 55, 57, 58, 60, 69, 78, 79, 80, 81, 82, 85, 90, 98, 102, 103, 104, 107, 115, 116, 117, 118, 119, 120, 121, 127, 128, 129, 130, 131, 132, 134, 139, 141, 149, 150, 151, 152, 156, 158, 160, 161, 162, 163, 164, 165, 166, 168, 169, 171, 175, 176, 178, 179, 180, 182, 183, 184, 185, 186, 187, 189, 190, 194, 198, 199, 202, 203, 204, 205, 212, 217, 218, 222, 224, 226, 232, 233, 234, 235, 243, 244, 245, 246, 250, 254, 255, 258, 259, 260, 261, 268, 269, 270, 272, 275, 276, 278, 279, 280], "summary": {"covered_lines": 118, "num_statements": 136, "percent_covered": 86.76470588235294, "percent_covered_display": "87", "missing_lines": 18, "excluded_lines": 0, "percent_statements_covered": 86.76470588235294, "percent_statements_covered_display": "87"}, "missing_lines": [84, 86, 87, 88, 105, 123, 124, 125, 206, 207, 210, 238, 239, 240, 241, 262, 263, 266], "excluded_lines": [], "start_line": 27}, "": {"executed_lines": [1, 2, 3, 4, 5, 6, 7, 8, 9, 10, 11, 12, 14, 15, 16, 17, 18, 21, 22, 24, 27, 28, 31, 43, 154, 192, 248, 283, 285, 286, 287, 291, 292, 293, 294, 295, 296, 299, 300, 301, 306, 309, 311, 312, 313, 320, 321, 323, 324, 329, 331, 332, 334, 335, 336, 337, 338, 342, 344, 345, 346, 348, 349, 351, 354, 356, 361, 364, 366, 368, 369, 371, 372, 373, 374, 375, 377, 378, 380, 381, 383, 385, 386, 387, 388, 389, 398, 399, 400, 401, 402, 411, 412, 413, 414, 415, 416, 426, 427, 428, 430, 431, 436, 437, 439, 440, 443, 444, 445, 446, 447, 448, 450, 451, 453, 456, 479], "summary": {"covered_lines": 117, "num_statements": 138, "percent_covered": 84.78260869565217, "percent_covered_display": "85", "missing_lines": 21, "excluded_lines": 0, "percent_statements_covered": 84.78260869565217, "percent_statements_covered_display": "85"}, "missing_lines": [288, 289, 316, 317, 318, 355, 432, 433, 434, 458, 460, 464, 465, 466, 467, 468, 470, 471, 472, 476, 480], "excluded_lines": [], "start_line": 1}}}, "src\\bunkr_api\\utils\\__init__.py": {"executed_lines": [], "summary": {"covered_lines": 0, "num_statements": 0, "percent_covered": 100.0, "percent_covered_display": "100", "missing_lines": 0, "excluded_lines": 0, "percent_statements_covered": 100.0, "percent_statements_covered_display": "100"}, "missing_lines": [], "excluded_lines": [], "functions": {"": {"executed_lines": [], "summary": {"covered_lines": 0, "num_statements": 0, "percent_covered": 100.0, "percent_covered_display": "100", "missing_lines": 0, "excluded_lines": 0, "percent_statements_covered": 100.0, "percent_statements_covered_display": "100"}, "missing_lines": [], "excluded_lines": [], "start_line": 1}}, "classes": {"": {"executed_lines": [], "summary": {"covered_lines": 0, "num_statements": 0, "percent_covered": 100.0, "percent_covered_display": "100", "missing_lines": 0, "excluded_lines": 0, "percent_statements_covered": 100.0, "percent_statements_covered_display": "100"}, "missing_lines": [], "excluded_lines": [], "start_line": 1}}}, "src\\bunkr_api\\utils\\formatting.py": {"executed_lines": [1, 2, 3, 6, 8, 9, 10, 11, 12, 14, 16, 17, 18, 19, 20, 22, 24, 25, 26, 28, 30, 31, 32, 34, 35, 36, 37, 38, 39, 40, 41, 43, 45, 46, 47, 48, 49, 50, 51, 52, 53, 55, 57, 58, 60, 61, 62, 63, 64, 65, 66, 67, 68, 69, 70, 72, 73, 74, 75, 77, 78, 79, 83, 85, 86], "summary": {"covered_lines": 65, "num_statements": 65, "percent_covered": 100.0, "percent_covered_display": "100", "missing_lines": 0, "excluded_lines": 0, "percent_statements_covered": 100.0, "percent_statements_covered_display": "100"}, "missing_lines": [], "excluded_lines": [], "functions": {"format_bytes": {"executed_lines": [8, 9, 10, 11, 12], "summary": {"covered_lines": 5, "num_statements": 5, "percent_covered": 100.0, "percent_covered_display": "100", "missing_lines": 0, "excluded_lines": 0, "percent_statements_covered": 100.0, "percent_statements_covered_display": "100"}, "missing_lines": [], "excluded_lines": [], "start_line": 6}, "clean_dragged_path": {"executed_lines": [16, 17, 18, 19, 20], "summary": {"covered_lines": 5, "num_statements": 5, "percent_covered": 100.0, "percent_covered_display": "100", "missing_lines": 0, "excluded_lines": 0, "percent_statements_covered": 100.0, "percent_statements_covered_display": "100"}, "missing_lines": [], "excluded_lines": [], "start_line": 14}, "slugify_filename": {"executed_lines": [24, 25, 26], "summary": {"covered_lines": 3, "num_statements": 3, "percent_covered": 100.0, "percent_covered_display": "100", "missing_lines": 0, "excluded_lines": 0, "percent_statements_covered": 100.0, "percent_statements_covered_display": "100"}, "missing_lines": [], "excluded_lines": [], "start_line": 22}, "get_album_folder_name": {"executed_lines": [30, 31, 32], "summary": {"covered_lines": 3, "num_statements": 3, "percent_covered": 100.0, "percent_covered_display": "100", "missing_lines": 0, "excluded_lines": 0, "percent_statements_covered": 100.0, "percent_statements_covered_display": "100"}, "missing_lines": [], "excluded_lines": [], "start_line": 28}, "extract_expiry_from_url": {"executed_lines": [35, 36, 37, 38, 39, 40, 41], "summary": {"covered_lines": 7, "num_statements": 7, "percent_covered": 100.0, "percent_covered_display": "100", "missing_lines": 0, "excluded_lines": 0, "percent_statements_covered": 100.0, "percent_statements_covered_display": "100"}, "missing_lines": [], "excluded_lines": [], "start_line": 34}, "parse_and_check_expiry": {"executed_lines": [45, 46, 47, 48, 49, 50, 51, 52, 53], "summary": {"covered_lines": 9, "num_statements": 9, "percent_covered": 100.0, "percent_covered_display": "100", "missing_lines": 0, "excluded_lines": 0, "percent_statements_covered": 100.0, "percent_statements_covered_display": "100"}, "missing_lines": [], "excluded_lines": [], "start_line": 43}, "parse_selection": {"executed_lines": [57, 58, 60, 61, 62, 63, 64, 65, 66, 67, 68, 69, 70, 72, 73, 74, 75, 77, 78, 79, 83], "summary": {"covered_lines": 21, "num_statements": 21, "percent_covered": 100.0, "percent_covered_display": "100", "missing_lines": 0, "excluded_lines": 0, "percent_statements_covered": 100.0, "percent_statements_covered_display": "100"}, "missing_lines": [], "excluded_lines": [], "start_line": 55}, "sanitize_filename_simple": {"executed_lines": [86], "summary": {"covered_lines": 1, "num_statements": 1, "percent_covered": 100.0, "percent_covered_display": "100", "missing_lines": 0, "excluded_lines": 0, "percent_statements_covered": 100.0, "percent_statements_covered_display": "100"}, "missing_lines": [], "excluded_lines": [], "start_line": 85}, "": {"executed_lines": [1, 2, 3, 6, 14, 22, 28, 34, 43, 55, 85], "summary": {"covered_lines": 11, "num_statements": 11, "percent_covered": 100.0, "percent_covered_display": "100", "missing_lines": 0, "excluded_lines": 0, "percent_statements_covered": 100.0, "percent_statements_covered_display": "100"}, "missing_lines": [], "excluded_lines": [], "start_line": 1}}, "classes": {"": {"executed_lines": [1, 2, 3, 6, 8, 9, 10, 11, 12, 14, 16, 17, 18, 19, 20, 22, 24, 25, 26, 28, 30, 31, 32, 34, 35, 36, 37, 38, 39, 40, 41, 43, 45, 46, 47, 48, 49, 50, 51, 52, 53, 55, 57, 58, 60, 61, 62, 63, 64, 65, 66, 67, 68, 69, 70, 72, 73, 74, 75, 77, 78, 79, 83, 85, 86], "summary": {"covered_lines": 65, "num_statements": 65, "percent_covered": 100.0, "percent_covered_display": "100", "missing_lines": 0, "excluded_lines": 0, "percent_statements_covered": 100.0, "percent_statements_covered_display": "100"}, "missing_lines": [], "excluded_lines": [], "start_line": 1}}}, "src\\bunkr_api\\utils\\http.py": {"executed_lines": [1, 3, 4, 6, 8, 9, 10, 11, 14, 15, 16, 17, 18, 19], "summary": {"covered_lines": 14, "num_statements": 15, "percent_covered": 93.33333333333333, "percent_covered_display": "93", "missing_lines": 1, "excluded_lines": 0, "percent_statements_covered": 93.33333333333333, "percent_statements_covered_display": "93"}, "missing_lines": [12], "excluded_lines": [], "functions": {"execute_request_with_retry_async": {"executed_lines": [9, 10, 11, 14, 15, 16, 17, 18, 19], "summary": {"covered_lines": 9, "num_statements": 10, "percent_covered": 90.0, "percent_covered_display": "90", "missing_lines": 1, "excluded_lines": 0, "percent_statements_covered": 90.0, "percent_statements_covered_display": "90"}, "missing_lines": [12], "excluded_lines": [], "start_line": 8}, "": {"executed_lines": [1, 3, 4, 6, 8], "summary": {"covered_lines": 5, "num_statements": 5, "percent_covered": 100.0, "percent_covered_display": "100", "missing_lines": 0, "excluded_lines": 0, "percent_statements_covered": 100.0, "percent_statements_covered_display": "100"}, "missing_lines": [], "excluded_lines": [], "start_line": 1}}, "classes": {"": {"executed_lines": [1, 3, 4, 6, 8, 9, 10, 11, 14, 15, 16, 17, 18, 19], "summary": {"covered_lines": 14, "num_statements": 15, "percent_covered": 93.33333333333333, "percent_covered_display": "93", "missing_lines": 1, "excluded_lines": 0, "percent_statements_covered": 93.33333333333333, "percent_statements_covered_display": "93"}, "missing_lines": [12], "excluded_lines": [], "start_line": 1}}}}, "totals": {"covered_lines": 1698, "num_statements": 1810, "percent_covered": 93.8121546961326, "percent_covered_display": "94", "missing_lines": 112, "excluded_lines": 0, "percent_statements_covered": 93.8121546961326, "percent_statements_covered_display": "94"}}